
Showing logs for build [32mcb-kubecd-environment-pr-164-86-lmlzz-1[0m stage [32mfrom-build-pack[0m and container [32mstep-credential-initializer-kdlbm[0m
{"level":"warn","ts":1582317948.6969388,"logger":"fallback-logger","caller":"logging/config.go:69","msg":"Fetch GitHub commit ID from kodata failed: \"ref: refs/heads/0.8.0-**-support-backwards-incompats\" is not a valid GitHub commit ID"}
{"level":"info","ts":1582317948.6978498,"logger":"fallback-logger","caller":"creds-init/main.go:40","msg":"Credentials initialized."}

Showing logs for build [32mcb-kubecd-environment-pr-164-86-lmlzz-1[0m stage [32mfrom-build-pack[0m and container [32mstep-working-dir-initializer-hcdhr[0m
{"level":"warn","ts":1582317950.142731,"logger":"fallback-logger","caller":"logging/config.go:69","msg":"Fetch GitHub commit ID from kodata failed: open /var/run/ko/HEAD: no such file or directory"}
{"level":"info","ts":1582317950.1457372,"logger":"fallback-logger","caller":"bash/main.go:64","msg":"Successfully executed command \"sh -c mkdir -p /workspace/source\"; output "}

Showing logs for build [32mcb-kubecd-environment-pr-164-86-lmlzz-1[0m stage [32mfrom-build-pack[0m and container [32mstep-place-tools[0m

Showing logs for build [32mcb-kubecd-environment-pr-164-86-lmlzz-1[0m stage [32mfrom-build-pack[0m and container [32mstep-git-source-cb-kubecd-environment-pr-164-86-lmlzz-2gxrn[0m
{"level":"warn","ts":1582317954.2489507,"logger":"fallback-logger","caller":"logging/config.go:69","msg":"Fetch GitHub commit ID from kodata failed: \"ref: refs/heads/0.8.0-**-support-backwards-incompats\" is not a valid GitHub commit ID"}
{"level":"info","ts":1582317955.355577,"logger":"fallback-logger","caller":"git/git.go:103","msg":"Successfully cloned https://github.com/cb-kubecd/environment-pr-164-86-boot-gke-staging.git @ master in path /workspace/source"}

Showing logs for build [32mcb-kubecd-environment-pr-164-86-lmlzz-1[0m stage [32mfrom-build-pack[0m and container [32mstep-git-merge[0m
Using SHAs from PULL_REFS=master:0ccd66254430c86f5bc5eb71c6f8bb08462e9a98,2:078f34652fa543f6ac1b57bd61b3a974cb4c69d2
DEBUG: LC_ALL=C JX_LOG_LEVEL=error git fetch origin --unshallow 078f34652fa543f6ac1b57bd61b3a974cb4c69d2: 0ccd66254430c86f5bc5eb71c6f8bb08462e9a98:
DEBUG: ran git fetch --unshallow origin 078f34652fa543f6ac1b57bd61b3a974cb4c69d2: 0ccd66254430c86f5bc5eb71c6f8bb08462e9a98: in 
DEBUG: LC_ALL=C JX_LOG_LEVEL=error git branch
DEBUG: LC_ALL=C JX_LOG_LEVEL=error git checkout master
DEBUG: ran git checkout master in 
DEBUG: LC_ALL=C JX_LOG_LEVEL=error git reset --hard 0ccd66254430c86f5bc5eb71c6f8bb08462e9a98
DEBUG: ran git reset --hard 0ccd66254430c86f5bc5eb71c6f8bb08462e9a98 in 
DEBUG: LC_ALL=C JX_LOG_LEVEL=error git clean -fd .
DEBUG: ran clean --force -d . in 
DEBUG: LC_ALL=C JX_LOG_LEVEL=error git merge 078f34652fa543f6ac1b57bd61b3a974cb4c69d2
DEBUG: ran git merge 078f34652fa543f6ac1b57bd61b3a974cb4c69d2 in 
DEBUG: LC_ALL=C JX_LOG_LEVEL=error git log --format=%H%x1f%an%x1f%ae%x1f%cn%x1f%ce%x1f%s%n%b%x1e 0ccd66254430c86f5bc5eb71c6f8bb08462e9a98..HEAD
Merged SHA 078f34652fa543f6ac1b57bd61b3a974cb4c69d2 with commit message 'chore: Promote bdd-gh-1582317663 to version 0.0.1' into base branch master

Showing logs for build [32mcb-kubecd-environment-pr-164-86-lmlzz-1[0m stage [32mfrom-build-pack[0m and container [32mstep-build-helm-build[0m
WARNING: No $CHART_REPOSITORY defined so using the default value of: http://jenkins-x-chartmuseum:8080
Adding missing Helm repo: storage.googleapis.com https://storage.googleapis.com/chartmuseum.jenkins-x.io
WARNING: No secrets found on "helm/repos" due: reading the secret "helm/repos" from vault: no secret "helm/repos" not found in vault
Read credentials for https://storage.googleapis.com/chartmuseum.jenkins-x.io from vault helm/repos
Successfully added Helm repository storage.googleapis.com.
Adding missing Helm repo: jenkins-x-chartmuseum http://jenkins-x-chartmuseum:8080
WARNING: No secrets found on "helm/repos" due: reading the secret "helm/repos" from vault: no secret "helm/repos" not found in vault
Read credentials for http://jenkins-x-chartmuseum:8080 from vault helm/repos
Successfully added Helm repository jenkins-x-chartmuseum.
WARNING: No $CHART_REPOSITORY defined so using the default value of: http://jenkins-x-chartmuseum:8080
Adding missing Helm repo: chartmuseum.jenkins-x.io http://chartmuseum.jenkins-x.io
WARNING: No secrets found on "helm/repos" due: reading the secret "helm/repos" from vault: no secret "helm/repos" not found in vault
Read credentials for http://chartmuseum.jenkins-x.io from vault helm/repos
Successfully added Helm repository chartmuseum.jenkins-x.io.
