
Showing logs for build [32mcb-kubecd-environment-pr-164-86-mw8f5-1[0m stage [32mfrom-build-pack[0m and container [32mstep-credential-initializer-7g6x6[0m
{"level":"warn","ts":1582322336.4644597,"logger":"fallback-logger","caller":"logging/config.go:69","msg":"Fetch GitHub commit ID from kodata failed: \"ref: refs/heads/0.8.0-**-support-backwards-incompats\" is not a valid GitHub commit ID"}
{"level":"info","ts":1582322336.4652684,"logger":"fallback-logger","caller":"creds-init/main.go:40","msg":"Credentials initialized."}

Showing logs for build [32mcb-kubecd-environment-pr-164-86-mw8f5-1[0m stage [32mfrom-build-pack[0m and container [32mstep-working-dir-initializer-8d2tk[0m
{"level":"warn","ts":1582322337.95091,"logger":"fallback-logger","caller":"logging/config.go:69","msg":"Fetch GitHub commit ID from kodata failed: open /var/run/ko/HEAD: no such file or directory"}
{"level":"info","ts":1582322337.9588938,"logger":"fallback-logger","caller":"bash/main.go:64","msg":"Successfully executed command \"sh -c mkdir -p /workspace/source\"; output "}

Showing logs for build [32mcb-kubecd-environment-pr-164-86-mw8f5-1[0m stage [32mfrom-build-pack[0m and container [32mstep-place-tools[0m

Showing logs for build [32mcb-kubecd-environment-pr-164-86-mw8f5-1[0m stage [32mfrom-build-pack[0m and container [32mstep-git-source-cb-kubecd-environment-pr-164-86-mw8f5-lfdtw[0m
{"level":"warn","ts":1582322344.2405856,"logger":"fallback-logger","caller":"logging/config.go:69","msg":"Fetch GitHub commit ID from kodata failed: \"ref: refs/heads/0.8.0-**-support-backwards-incompats\" is not a valid GitHub commit ID"}
{"level":"info","ts":1582322345.3514066,"logger":"fallback-logger","caller":"git/git.go:103","msg":"Successfully cloned https://github.com/cb-kubecd/environment-pr-164-86-boot-gke-staging.git @ master in path /workspace/source"}

Showing logs for build [32mcb-kubecd-environment-pr-164-86-mw8f5-1[0m stage [32mfrom-build-pack[0m and container [32mstep-git-merge[0m
Using SHAs from PULL_REFS=master:01d6267e400bcd246a419e4c53811dc901475c8a,7:f5d598d587fe3df7b2cbf600855f69c77e6ac086
DEBUG: LC_ALL=C JX_LOG_LEVEL=error git fetch origin --unshallow f5d598d587fe3df7b2cbf600855f69c77e6ac086: 01d6267e400bcd246a419e4c53811dc901475c8a:
DEBUG: ran git fetch --unshallow origin f5d598d587fe3df7b2cbf600855f69c77e6ac086: 01d6267e400bcd246a419e4c53811dc901475c8a: in 
DEBUG: JX_LOG_LEVEL=error LC_ALL=C git branch
DEBUG: LC_ALL=C JX_LOG_LEVEL=error git checkout master
DEBUG: ran git checkout master in 
DEBUG: LC_ALL=C JX_LOG_LEVEL=error git reset --hard 01d6267e400bcd246a419e4c53811dc901475c8a
DEBUG: ran git reset --hard 01d6267e400bcd246a419e4c53811dc901475c8a in 
DEBUG: LC_ALL=C JX_LOG_LEVEL=error git clean -fd .
DEBUG: ran clean --force -d . in 
DEBUG: LC_ALL=C JX_LOG_LEVEL=error git merge f5d598d587fe3df7b2cbf600855f69c77e6ac086
DEBUG: ran git merge f5d598d587fe3df7b2cbf600855f69c77e6ac086 in 
DEBUG: LC_ALL=C JX_LOG_LEVEL=error git log --format=%H%x1f%an%x1f%ae%x1f%cn%x1f%ce%x1f%s%n%b%x1e 01d6267e400bcd246a419e4c53811dc901475c8a..HEAD
Merged SHA f5d598d587fe3df7b2cbf600855f69c77e6ac086 with commit message 'chore: Promote bdd-nh-import-1582319700 to version 0.0.1' into base branch master

Showing logs for build [32mcb-kubecd-environment-pr-164-86-mw8f5-1[0m stage [32mfrom-build-pack[0m and container [32mstep-build-helm-build[0m
WARNING: No $CHART_REPOSITORY defined so using the default value of: http://jenkins-x-chartmuseum:8080
Adding missing Helm repo: storage.googleapis.com https://storage.googleapis.com/chartmuseum.jenkins-x.io
WARNING: No secrets found on "helm/repos" due: reading the secret "helm/repos" from vault: no secret "helm/repos" not found in vault
Read credentials for https://storage.googleapis.com/chartmuseum.jenkins-x.io from vault helm/repos
Successfully added Helm repository storage.googleapis.com.
Adding missing Helm repo: jenkins-x-chartmuseum http://jenkins-x-chartmuseum:8080
WARNING: No secrets found on "helm/repos" due: reading the secret "helm/repos" from vault: no secret "helm/repos" not found in vault
Read credentials for http://jenkins-x-chartmuseum:8080 from vault helm/repos
Successfully added Helm repository jenkins-x-chartmuseum.
WARNING: No $CHART_REPOSITORY defined so using the default value of: http://jenkins-x-chartmuseum:8080
Adding missing Helm repo: chartmuseum.jenkins-x.io http://chartmuseum.jenkins-x.io
WARNING: No secrets found on "helm/repos" due: reading the secret "helm/repos" from vault: no secret "helm/repos" not found in vault
Read credentials for http://chartmuseum.jenkins-x.io from vault helm/repos
Successfully added Helm repository chartmuseum.jenkins-x.io.
