
Showing logs for build [32mcb-kubecd-environment-pr-164-86-8mqlj-1[0m stage [32mfrom-build-pack[0m and container [32mstep-credential-initializer-v2bf7[0m
{"level":"warn","ts":1582319317.2142522,"logger":"fallback-logger","caller":"logging/config.go:69","msg":"Fetch GitHub commit ID from kodata failed: \"ref: refs/heads/0.8.0-**-support-backwards-incompats\" is not a valid GitHub commit ID"}
{"level":"info","ts":1582319317.2152176,"logger":"fallback-logger","caller":"creds-init/main.go:40","msg":"Credentials initialized."}

Showing logs for build [32mcb-kubecd-environment-pr-164-86-8mqlj-1[0m stage [32mfrom-build-pack[0m and container [32mstep-working-dir-initializer-r9tc2[0m
{"level":"warn","ts":1582319317.6188443,"logger":"fallback-logger","caller":"logging/config.go:69","msg":"Fetch GitHub commit ID from kodata failed: open /var/run/ko/HEAD: no such file or directory"}
{"level":"info","ts":1582319317.6204004,"logger":"fallback-logger","caller":"bash/main.go:64","msg":"Successfully executed command \"sh -c mkdir -p /workspace/source\"; output "}

Showing logs for build [32mcb-kubecd-environment-pr-164-86-8mqlj-1[0m stage [32mfrom-build-pack[0m and container [32mstep-place-tools[0m

Showing logs for build [32mcb-kubecd-environment-pr-164-86-8mqlj-1[0m stage [32mfrom-build-pack[0m and container [32mstep-git-source-cb-kubecd-environment-pr-164-86-8mqlj-g9nnn[0m
{"level":"warn","ts":1582319320.7827482,"logger":"fallback-logger","caller":"logging/config.go:69","msg":"Fetch GitHub commit ID from kodata failed: \"ref: refs/heads/0.8.0-**-support-backwards-incompats\" is not a valid GitHub commit ID"}
{"level":"info","ts":1582319321.8232658,"logger":"fallback-logger","caller":"git/git.go:103","msg":"Successfully cloned https://github.com/cb-kubecd/environment-pr-164-86-boot-gke-staging.git @ master in path /workspace/source"}

Showing logs for build [32mcb-kubecd-environment-pr-164-86-8mqlj-1[0m stage [32mfrom-build-pack[0m and container [32mstep-git-merge[0m
Using SHAs from PULL_REFS=master:fb64deb4d831618c4ee659b689e6402f083063ad,4:b1c16ceb43b4bc5f6b7bdeca915df61aec623d0c
DEBUG: LC_ALL=C JX_LOG_LEVEL=error git fetch origin --unshallow b1c16ceb43b4bc5f6b7bdeca915df61aec623d0c: fb64deb4d831618c4ee659b689e6402f083063ad:
DEBUG: ran git fetch --unshallow origin b1c16ceb43b4bc5f6b7bdeca915df61aec623d0c: fb64deb4d831618c4ee659b689e6402f083063ad: in 
DEBUG: LC_ALL=C JX_LOG_LEVEL=error git branch
DEBUG: LC_ALL=C JX_LOG_LEVEL=error git checkout master
DEBUG: ran git checkout master in 
DEBUG: LC_ALL=C JX_LOG_LEVEL=error git reset --hard fb64deb4d831618c4ee659b689e6402f083063ad
DEBUG: ran git reset --hard fb64deb4d831618c4ee659b689e6402f083063ad in 
DEBUG: LC_ALL=C JX_LOG_LEVEL=error git clean -fd .
DEBUG: ran clean --force -d . in 
DEBUG: LC_ALL=C JX_LOG_LEVEL=error git merge b1c16ceb43b4bc5f6b7bdeca915df61aec623d0c
DEBUG: ran git merge b1c16ceb43b4bc5f6b7bdeca915df61aec623d0c in 
DEBUG: LC_ALL=C JX_LOG_LEVEL=error git log --format=%H%x1f%an%x1f%ae%x1f%cn%x1f%ce%x1f%s%n%b%x1e fb64deb4d831618c4ee659b689e6402f083063ad..HEAD
Merged SHA b1c16ceb43b4bc5f6b7bdeca915df61aec623d0c with commit message 'chore: Promote bdd-nh-1582317663 to version 0.0.1' into base branch master

Showing logs for build [32mcb-kubecd-environment-pr-164-86-8mqlj-1[0m stage [32mfrom-build-pack[0m and container [32mstep-build-helm-build[0m
WARNING: No $CHART_REPOSITORY defined so using the default value of: http://jenkins-x-chartmuseum:8080
Adding missing Helm repo: storage.googleapis.com https://storage.googleapis.com/chartmuseum.jenkins-x.io
WARNING: No secrets found on "helm/repos" due: reading the secret "helm/repos" from vault: no secret "helm/repos" not found in vault
Read credentials for https://storage.googleapis.com/chartmuseum.jenkins-x.io from vault helm/repos
Successfully added Helm repository storage.googleapis.com.
Adding missing Helm repo: jenkins-x-chartmuseum http://jenkins-x-chartmuseum:8080
WARNING: No secrets found on "helm/repos" due: reading the secret "helm/repos" from vault: no secret "helm/repos" not found in vault
Read credentials for http://jenkins-x-chartmuseum:8080 from vault helm/repos
Successfully added Helm repository jenkins-x-chartmuseum.
WARNING: No $CHART_REPOSITORY defined so using the default value of: http://jenkins-x-chartmuseum:8080
Adding missing Helm repo: chartmuseum.jenkins-x.io http://chartmuseum.jenkins-x.io
WARNING: No secrets found on "helm/repos" due: reading the secret "helm/repos" from vault: no secret "helm/repos" not found in vault
Read credentials for http://chartmuseum.jenkins-x.io from vault helm/repos
Successfully added Helm repository chartmuseum.jenkins-x.io.
